
Showing logs for build [32mcb-kubecd-environment-pr-37-1-b-52cn7-1[0m stage [32mfrom-build-pack[0m and container [32mstep-credential-initializer-r5b4g[0m
{"level":"warn","ts":1573041539.6107829,"logger":"fallback-logger","caller":"logging/config.go:69","msg":"Fetch GitHub commit ID from kodata failed: \"ref: refs/heads/master\" is not a valid GitHub commit ID"}
{"level":"info","ts":1573041539.6114914,"logger":"fallback-logger","caller":"creds-init/main.go:40","msg":"Credentials initialized."}

Showing logs for build [32mcb-kubecd-environment-pr-37-1-b-52cn7-1[0m stage [32mfrom-build-pack[0m and container [32mstep-working-dir-initializer-6xn9q[0m
{"level":"warn","ts":1573041540.53686,"logger":"fallback-logger","caller":"logging/config.go:69","msg":"Fetch GitHub commit ID from kodata failed: open /var/run/ko/HEAD: no such file or directory"}
{"level":"info","ts":1573041540.5386624,"logger":"fallback-logger","caller":"bash/main.go:65","msg":"Successfully executed command \"mkdir -p /workspace/source\""}

Showing logs for build [32mcb-kubecd-environment-pr-37-1-b-52cn7-1[0m stage [32mfrom-build-pack[0m and container [32mstep-place-tools[0m

Showing logs for build [32mcb-kubecd-environment-pr-37-1-b-52cn7-1[0m stage [32mfrom-build-pack[0m and container [32mstep-git-source-cb-kubecd-environment-pr-37-1-b-dk6vj[0m
{"level":"warn","ts":1573041568.609142,"logger":"fallback-logger","caller":"logging/config.go:69","msg":"Fetch GitHub commit ID from kodata failed: \"ref: refs/heads/master\" is not a valid GitHub commit ID"}
{"level":"info","ts":1573041569.701227,"logger":"fallback-logger","caller":"git/git.go:102","msg":"Successfully cloned https://github.com/cb-kubecd/environment-pr-37-1-boot-gke-staging.git @ 2269cc95daf1bc43f1359a2a83eb9f3db8650657 in path /workspace/source"}

Showing logs for build [32mcb-kubecd-environment-pr-37-1-b-52cn7-1[0m stage [32mfrom-build-pack[0m and container [32mstep-git-merge[0m
Using SHAs from PULL_REFS=master:0a1814f45691c5ea99c5c6c3a74a6bbbfc12f102,8:2269cc95daf1bc43f1359a2a83eb9f3db8650657
DEBUG: ran git fetch --unshallow origin 2269cc95daf1bc43f1359a2a83eb9f3db8650657: 0a1814f45691c5ea99c5c6c3a74a6bbbfc12f102: in 
DEBUG: ran git checkout master in 
DEBUG: ran git reset --hard 0a1814f45691c5ea99c5c6c3a74a6bbbfc12f102 in 
DEBUG: ran clean --force -d . in 
DEBUG: ran git merge 2269cc95daf1bc43f1359a2a83eb9f3db8650657 in 
Merged SHA 2269cc95daf1bc43f1359a2a83eb9f3db8650657 with commit message 'chore: Promote bdd-sbhg-import-1573040308 to version 0.0.1' into base branch master

Showing logs for build [32mcb-kubecd-environment-pr-37-1-b-52cn7-1[0m stage [32mfrom-build-pack[0m and container [32mstep-build-helm-build[0m
WARNING: No $CHART_REPOSITORY defined so using the default value of: http://jenkins-x-chartmuseum:8080
Adding missing Helm repo: storage.googleapis.com https://storage.googleapis.com/chartmuseum.jenkins-x.io
Read credentials for https://storage.googleapis.com/chartmuseum.jenkins-x.io from vault helm/repos
Successfully added Helm repository storage.googleapis.com.
Adding missing Helm repo: jenkins-x-chartmuseum http://jenkins-x-chartmuseum:8080
Read credentials for http://jenkins-x-chartmuseum:8080 from vault helm/repos
Successfully added Helm repository jenkins-x-chartmuseum.
WARNING: No $CHART_REPOSITORY defined so using the default value of: http://jenkins-x-chartmuseum:8080
Adding missing Helm repo: chartmuseum.jenkins-x.io http://chartmuseum.jenkins-x.io
Read credentials for http://chartmuseum.jenkins-x.io from vault helm/repos
Successfully added Helm repository chartmuseum.jenkins-x.io.
