
Showing logs for build [32mcb-kubecd-environment-pr-37-1-b-xqnvz-1[0m stage [32mfrom-build-pack[0m and container [32mstep-credential-initializer-b5xf2[0m
{"level":"warn","ts":1573038878.6414204,"logger":"fallback-logger","caller":"logging/config.go:69","msg":"Fetch GitHub commit ID from kodata failed: \"ref: refs/heads/master\" is not a valid GitHub commit ID"}
{"level":"info","ts":1573038878.6433392,"logger":"fallback-logger","caller":"creds-init/main.go:40","msg":"Credentials initialized."}

Showing logs for build [32mcb-kubecd-environment-pr-37-1-b-xqnvz-1[0m stage [32mfrom-build-pack[0m and container [32mstep-working-dir-initializer-p5tb9[0m
{"level":"warn","ts":1573038879.720228,"logger":"fallback-logger","caller":"logging/config.go:69","msg":"Fetch GitHub commit ID from kodata failed: open /var/run/ko/HEAD: no such file or directory"}
{"level":"info","ts":1573038879.721748,"logger":"fallback-logger","caller":"bash/main.go:65","msg":"Successfully executed command \"mkdir -p /workspace/source\""}

Showing logs for build [32mcb-kubecd-environment-pr-37-1-b-xqnvz-1[0m stage [32mfrom-build-pack[0m and container [32mstep-place-tools[0m

Showing logs for build [32mcb-kubecd-environment-pr-37-1-b-xqnvz-1[0m stage [32mfrom-build-pack[0m and container [32mstep-git-source-cb-kubecd-environment-pr-37-1-b-tgn6l[0m
{"level":"warn","ts":1573038885.8340068,"logger":"fallback-logger","caller":"logging/config.go:69","msg":"Fetch GitHub commit ID from kodata failed: \"ref: refs/heads/master\" is not a valid GitHub commit ID"}
{"level":"info","ts":1573038886.8943543,"logger":"fallback-logger","caller":"git/git.go:102","msg":"Successfully cloned https://github.com/cb-kubecd/environment-pr-37-1-boot-gke-staging.git @ 3f0f8b7e95cb8c039a1a9ae53c6f041ff447c290 in path /workspace/source"}

Showing logs for build [32mcb-kubecd-environment-pr-37-1-b-xqnvz-1[0m stage [32mfrom-build-pack[0m and container [32mstep-git-merge[0m
Using SHAs from PULL_REFS=master:8721a38763f79a9450ef84155df53eabb21e12f5,2:3f0f8b7e95cb8c039a1a9ae53c6f041ff447c290
DEBUG: ran git fetch --unshallow origin 3f0f8b7e95cb8c039a1a9ae53c6f041ff447c290: 8721a38763f79a9450ef84155df53eabb21e12f5: in 
DEBUG: ran git checkout master in 
DEBUG: ran git reset --hard 8721a38763f79a9450ef84155df53eabb21e12f5 in 
DEBUG: ran clean --force -d . in 
DEBUG: ran git merge 3f0f8b7e95cb8c039a1a9ae53c6f041ff447c290 in 
Merged SHA 3f0f8b7e95cb8c039a1a9ae53c6f041ff447c290 with commit message 'chore: Promote bdd-gh-1573038660 to version 0.0.1' into base branch master

Showing logs for build [32mcb-kubecd-environment-pr-37-1-b-xqnvz-1[0m stage [32mfrom-build-pack[0m and container [32mstep-build-helm-build[0m
WARNING: No $CHART_REPOSITORY defined so using the default value of: http://jenkins-x-chartmuseum:8080
Adding missing Helm repo: storage.googleapis.com https://storage.googleapis.com/chartmuseum.jenkins-x.io
Read credentials for https://storage.googleapis.com/chartmuseum.jenkins-x.io from vault helm/repos
Successfully added Helm repository storage.googleapis.com.
Adding missing Helm repo: jenkins-x-chartmuseum http://jenkins-x-chartmuseum:8080
Read credentials for http://jenkins-x-chartmuseum:8080 from vault helm/repos
Successfully added Helm repository jenkins-x-chartmuseum.
WARNING: No $CHART_REPOSITORY defined so using the default value of: http://jenkins-x-chartmuseum:8080
Adding missing Helm repo: chartmuseum.jenkins-x.io http://chartmuseum.jenkins-x.io
Read credentials for http://chartmuseum.jenkins-x.io from vault helm/repos
Successfully added Helm repository chartmuseum.jenkins-x.io.
