
Showing logs for build [32mcb-kubecd-environment-pr-37-1-b-xvlvj-1[0m stage [32mfrom-build-pack[0m and container [32mstep-credential-initializer-7bvjs[0m
{"level":"warn","ts":1573041032.6354718,"logger":"fallback-logger","caller":"logging/config.go:69","msg":"Fetch GitHub commit ID from kodata failed: \"ref: refs/heads/master\" is not a valid GitHub commit ID"}
{"level":"info","ts":1573041032.63671,"logger":"fallback-logger","caller":"creds-init/main.go:40","msg":"Credentials initialized."}

Showing logs for build [32mcb-kubecd-environment-pr-37-1-b-xvlvj-1[0m stage [32mfrom-build-pack[0m and container [32mstep-working-dir-initializer-9lrls[0m
{"level":"warn","ts":1573041033.6657808,"logger":"fallback-logger","caller":"logging/config.go:69","msg":"Fetch GitHub commit ID from kodata failed: open /var/run/ko/HEAD: no such file or directory"}
{"level":"info","ts":1573041033.6690886,"logger":"fallback-logger","caller":"bash/main.go:65","msg":"Successfully executed command \"mkdir -p /workspace/source\""}

Showing logs for build [32mcb-kubecd-environment-pr-37-1-b-xvlvj-1[0m stage [32mfrom-build-pack[0m and container [32mstep-place-tools[0m

Showing logs for build [32mcb-kubecd-environment-pr-37-1-b-xvlvj-1[0m stage [32mfrom-build-pack[0m and container [32mstep-git-source-cb-kubecd-environment-pr-37-1-b-lkjt5[0m
{"level":"warn","ts":1573041038.7420793,"logger":"fallback-logger","caller":"logging/config.go:69","msg":"Fetch GitHub commit ID from kodata failed: \"ref: refs/heads/master\" is not a valid GitHub commit ID"}
{"level":"info","ts":1573041039.8233762,"logger":"fallback-logger","caller":"git/git.go:102","msg":"Successfully cloned https://github.com/cb-kubecd/environment-pr-37-1-boot-gke-staging.git @ 5d28732e5f499e9eb60f97633db8fef9cbd0bb09 in path /workspace/source"}

Showing logs for build [32mcb-kubecd-environment-pr-37-1-b-xvlvj-1[0m stage [32mfrom-build-pack[0m and container [32mstep-git-merge[0m
Using SHAs from PULL_REFS=master:8249d3c38835d2f7c2b9f7cada178c0d8918ca4f,7:5d28732e5f499e9eb60f97633db8fef9cbd0bb09
DEBUG: ran git fetch --unshallow origin 5d28732e5f499e9eb60f97633db8fef9cbd0bb09: 8249d3c38835d2f7c2b9f7cada178c0d8918ca4f: in 
DEBUG: ran git checkout master in 
DEBUG: ran git reset --hard 8249d3c38835d2f7c2b9f7cada178c0d8918ca4f in 
DEBUG: ran clean --force -d . in 
DEBUG: ran git merge 5d28732e5f499e9eb60f97633db8fef9cbd0bb09 in 
Merged SHA 5d28732e5f499e9eb60f97633db8fef9cbd0bb09 with commit message 'chore: Promote bdd-sbrp-import-1573040308 to version 0.0.1' into base branch master

Showing logs for build [32mcb-kubecd-environment-pr-37-1-b-xvlvj-1[0m stage [32mfrom-build-pack[0m and container [32mstep-build-helm-build[0m
WARNING: No $CHART_REPOSITORY defined so using the default value of: http://jenkins-x-chartmuseum:8080
Adding missing Helm repo: storage.googleapis.com https://storage.googleapis.com/chartmuseum.jenkins-x.io
Read credentials for https://storage.googleapis.com/chartmuseum.jenkins-x.io from vault helm/repos
Successfully added Helm repository storage.googleapis.com.
Adding missing Helm repo: jenkins-x-chartmuseum http://jenkins-x-chartmuseum:8080
Read credentials for http://jenkins-x-chartmuseum:8080 from vault helm/repos
Successfully added Helm repository jenkins-x-chartmuseum.
WARNING: No $CHART_REPOSITORY defined so using the default value of: http://jenkins-x-chartmuseum:8080
Adding missing Helm repo: chartmuseum.jenkins-x.io http://chartmuseum.jenkins-x.io
Read credentials for http://chartmuseum.jenkins-x.io from vault helm/repos
Successfully added Helm repository chartmuseum.jenkins-x.io.
