
Showing logs for build [32mcb-kubecd-environment-pr-37-1-b-v6kzv-1[0m stage [32mfrom-build-pack[0m and container [32mstep-credential-initializer-f2v52[0m
{"level":"warn","ts":1573040678.2322145,"logger":"fallback-logger","caller":"logging/config.go:69","msg":"Fetch GitHub commit ID from kodata failed: \"ref: refs/heads/master\" is not a valid GitHub commit ID"}
{"level":"info","ts":1573040678.233455,"logger":"fallback-logger","caller":"creds-init/main.go:40","msg":"Credentials initialized."}

Showing logs for build [32mcb-kubecd-environment-pr-37-1-b-v6kzv-1[0m stage [32mfrom-build-pack[0m and container [32mstep-working-dir-initializer-9727r[0m
{"level":"warn","ts":1573040679.196311,"logger":"fallback-logger","caller":"logging/config.go:69","msg":"Fetch GitHub commit ID from kodata failed: open /var/run/ko/HEAD: no such file or directory"}
{"level":"info","ts":1573040679.1998475,"logger":"fallback-logger","caller":"bash/main.go:65","msg":"Successfully executed command \"mkdir -p /workspace/source\""}

Showing logs for build [32mcb-kubecd-environment-pr-37-1-b-v6kzv-1[0m stage [32mfrom-build-pack[0m and container [32mstep-place-tools[0m

Showing logs for build [32mcb-kubecd-environment-pr-37-1-b-v6kzv-1[0m stage [32mfrom-build-pack[0m and container [32mstep-git-source-cb-kubecd-environment-pr-37-1-b-5n2vn[0m
{"level":"warn","ts":1573040683.3426485,"logger":"fallback-logger","caller":"logging/config.go:69","msg":"Fetch GitHub commit ID from kodata failed: \"ref: refs/heads/master\" is not a valid GitHub commit ID"}
{"level":"info","ts":1573040684.4249625,"logger":"fallback-logger","caller":"git/git.go:102","msg":"Successfully cloned https://github.com/cb-kubecd/environment-pr-37-1-boot-gke-staging.git @ 3eefe58ab6e222895e13886b16bba97262326673 in path /workspace/source"}

Showing logs for build [32mcb-kubecd-environment-pr-37-1-b-v6kzv-1[0m stage [32mfrom-build-pack[0m and container [32mstep-git-merge[0m
Using SHAs from PULL_REFS=master:cec551a6a0199eb1b7e8204ab5c141dbfd0cfdad,6:3eefe58ab6e222895e13886b16bba97262326673
DEBUG: ran git fetch --unshallow origin 3eefe58ab6e222895e13886b16bba97262326673: cec551a6a0199eb1b7e8204ab5c141dbfd0cfdad: in 
DEBUG: ran git checkout master in 
DEBUG: ran git reset --hard cec551a6a0199eb1b7e8204ab5c141dbfd0cfdad in 
DEBUG: ran clean --force -d . in 
DEBUG: ran git merge 3eefe58ab6e222895e13886b16bba97262326673 in 
Merged SHA 3eefe58ab6e222895e13886b16bba97262326673 with commit message 'chore: Promote bdd-nh-import-1573040308 to version 0.0.1' into base branch master

Showing logs for build [32mcb-kubecd-environment-pr-37-1-b-v6kzv-1[0m stage [32mfrom-build-pack[0m and container [32mstep-build-helm-build[0m
WARNING: No $CHART_REPOSITORY defined so using the default value of: http://jenkins-x-chartmuseum:8080
Adding missing Helm repo: storage.googleapis.com https://storage.googleapis.com/chartmuseum.jenkins-x.io
Read credentials for https://storage.googleapis.com/chartmuseum.jenkins-x.io from vault helm/repos
Successfully added Helm repository storage.googleapis.com.
Adding missing Helm repo: jenkins-x-chartmuseum http://jenkins-x-chartmuseum:8080
Read credentials for http://jenkins-x-chartmuseum:8080 from vault helm/repos
Successfully added Helm repository jenkins-x-chartmuseum.
WARNING: No $CHART_REPOSITORY defined so using the default value of: http://jenkins-x-chartmuseum:8080
Adding missing Helm repo: chartmuseum.jenkins-x.io http://chartmuseum.jenkins-x.io
Read credentials for http://chartmuseum.jenkins-x.io from vault helm/repos
Successfully added Helm repository chartmuseum.jenkins-x.io.
