
Showing logs for build [32mcb-kubecd-environment-pr-37-1-b-7q46n-1[0m stage [32mfrom-build-pack[0m and container [32mstep-credential-initializer-jzp75[0m
{"level":"warn","ts":1573040021.8934255,"logger":"fallback-logger","caller":"logging/config.go:69","msg":"Fetch GitHub commit ID from kodata failed: \"ref: refs/heads/master\" is not a valid GitHub commit ID"}
{"level":"info","ts":1573040021.8940108,"logger":"fallback-logger","caller":"creds-init/main.go:40","msg":"Credentials initialized."}

Showing logs for build [32mcb-kubecd-environment-pr-37-1-b-7q46n-1[0m stage [32mfrom-build-pack[0m and container [32mstep-working-dir-initializer-65t8b[0m
{"level":"warn","ts":1573040023.6454902,"logger":"fallback-logger","caller":"logging/config.go:69","msg":"Fetch GitHub commit ID from kodata failed: open /var/run/ko/HEAD: no such file or directory"}
{"level":"info","ts":1573040023.6837482,"logger":"fallback-logger","caller":"bash/main.go:65","msg":"Successfully executed command \"mkdir -p /workspace/source\""}

Showing logs for build [32mcb-kubecd-environment-pr-37-1-b-7q46n-1[0m stage [32mfrom-build-pack[0m and container [32mstep-place-tools[0m

Showing logs for build [32mcb-kubecd-environment-pr-37-1-b-7q46n-1[0m stage [32mfrom-build-pack[0m and container [32mstep-git-source-cb-kubecd-environment-pr-37-1-b-bf84t[0m
{"level":"warn","ts":1573040050.801313,"logger":"fallback-logger","caller":"logging/config.go:69","msg":"Fetch GitHub commit ID from kodata failed: \"ref: refs/heads/master\" is not a valid GitHub commit ID"}
{"level":"info","ts":1573040052.8138914,"logger":"fallback-logger","caller":"git/git.go:102","msg":"Successfully cloned https://github.com/cb-kubecd/environment-pr-37-1-boot-gke-staging.git @ bf8b90214aec28838315a0a1426093ed0cd85ea0 in path /workspace/source"}

Showing logs for build [32mcb-kubecd-environment-pr-37-1-b-7q46n-1[0m stage [32mfrom-build-pack[0m and container [32mstep-git-merge[0m
Using SHAs from PULL_REFS=master:e2d9cb74490dc55e5f5bd8aac35768b7b8d1fbee,4:bf8b90214aec28838315a0a1426093ed0cd85ea0
DEBUG: ran git fetch --unshallow origin bf8b90214aec28838315a0a1426093ed0cd85ea0: e2d9cb74490dc55e5f5bd8aac35768b7b8d1fbee: in 
DEBUG: ran git checkout master in 
DEBUG: ran git reset --hard e2d9cb74490dc55e5f5bd8aac35768b7b8d1fbee in 
DEBUG: ran clean --force -d . in 
DEBUG: ran git merge bf8b90214aec28838315a0a1426093ed0cd85ea0 in 
Merged SHA bf8b90214aec28838315a0a1426093ed0cd85ea0 with commit message 'chore: Promote bdd-nh-1573038660 to version 0.0.1' into base branch master

Showing logs for build [32mcb-kubecd-environment-pr-37-1-b-7q46n-1[0m stage [32mfrom-build-pack[0m and container [32mstep-build-helm-build[0m
WARNING: No $CHART_REPOSITORY defined so using the default value of: http://jenkins-x-chartmuseum:8080
Adding missing Helm repo: storage.googleapis.com https://storage.googleapis.com/chartmuseum.jenkins-x.io
Read credentials for https://storage.googleapis.com/chartmuseum.jenkins-x.io from vault helm/repos
Successfully added Helm repository storage.googleapis.com.
Adding missing Helm repo: jenkins-x-chartmuseum http://jenkins-x-chartmuseum:8080
Read credentials for http://jenkins-x-chartmuseum:8080 from vault helm/repos
Successfully added Helm repository jenkins-x-chartmuseum.
WARNING: No $CHART_REPOSITORY defined so using the default value of: http://jenkins-x-chartmuseum:8080
Adding missing Helm repo: chartmuseum.jenkins-x.io http://chartmuseum.jenkins-x.io
Read credentials for http://chartmuseum.jenkins-x.io from vault helm/repos
Successfully added Helm repository chartmuseum.jenkins-x.io.
