
Showing logs for build [32mcb-kubecd-environment-pr-37-1-b-s92kz-1[0m stage [32mfrom-build-pack[0m and container [32mstep-credential-initializer-86nvs[0m
{"level":"warn","ts":1573039315.8524928,"logger":"fallback-logger","caller":"logging/config.go:69","msg":"Fetch GitHub commit ID from kodata failed: \"ref: refs/heads/master\" is not a valid GitHub commit ID"}
{"level":"info","ts":1573039315.8545227,"logger":"fallback-logger","caller":"creds-init/main.go:40","msg":"Credentials initialized."}

Showing logs for build [32mcb-kubecd-environment-pr-37-1-b-s92kz-1[0m stage [32mfrom-build-pack[0m and container [32mstep-working-dir-initializer-nlmrs[0m
{"level":"warn","ts":1573039316.815877,"logger":"fallback-logger","caller":"logging/config.go:69","msg":"Fetch GitHub commit ID from kodata failed: open /var/run/ko/HEAD: no such file or directory"}
{"level":"info","ts":1573039316.8179286,"logger":"fallback-logger","caller":"bash/main.go:65","msg":"Successfully executed command \"mkdir -p /workspace/source\""}

Showing logs for build [32mcb-kubecd-environment-pr-37-1-b-s92kz-1[0m stage [32mfrom-build-pack[0m and container [32mstep-place-tools[0m

Showing logs for build [32mcb-kubecd-environment-pr-37-1-b-s92kz-1[0m stage [32mfrom-build-pack[0m and container [32mstep-git-source-cb-kubecd-environment-pr-37-1-b-p6nkt[0m
{"level":"warn","ts":1573039321.9200566,"logger":"fallback-logger","caller":"logging/config.go:69","msg":"Fetch GitHub commit ID from kodata failed: \"ref: refs/heads/master\" is not a valid GitHub commit ID"}
{"level":"info","ts":1573039323.1002162,"logger":"fallback-logger","caller":"git/git.go:102","msg":"Successfully cloned https://github.com/cb-kubecd/environment-pr-37-1-boot-gke-staging.git @ 60c3f4be7ec6e7465105b8ec3e0152190ee740c4 in path /workspace/source"}

Showing logs for build [32mcb-kubecd-environment-pr-37-1-b-s92kz-1[0m stage [32mfrom-build-pack[0m and container [32mstep-git-merge[0m
Using SHAs from PULL_REFS=master:792b5ff02adc6421f11adbd925e0ac6b440af8f5,3:60c3f4be7ec6e7465105b8ec3e0152190ee740c4
DEBUG: ran git fetch --unshallow origin 60c3f4be7ec6e7465105b8ec3e0152190ee740c4: 792b5ff02adc6421f11adbd925e0ac6b440af8f5: in 
DEBUG: ran git checkout master in 
DEBUG: ran git reset --hard 792b5ff02adc6421f11adbd925e0ac6b440af8f5 in 
DEBUG: ran clean --force -d . in 
DEBUG: ran git merge 60c3f4be7ec6e7465105b8ec3e0152190ee740c4 in 
Merged SHA 60c3f4be7ec6e7465105b8ec3e0152190ee740c4 with commit message 'chore: Promote bdd-sbhg-1573038660 to version 0.0.1' into base branch master

Showing logs for build [32mcb-kubecd-environment-pr-37-1-b-s92kz-1[0m stage [32mfrom-build-pack[0m and container [32mstep-build-helm-build[0m
WARNING: No $CHART_REPOSITORY defined so using the default value of: http://jenkins-x-chartmuseum:8080
Adding missing Helm repo: storage.googleapis.com https://storage.googleapis.com/chartmuseum.jenkins-x.io
Read credentials for https://storage.googleapis.com/chartmuseum.jenkins-x.io from vault helm/repos
Successfully added Helm repository storage.googleapis.com.
Adding missing Helm repo: jenkins-x-chartmuseum http://jenkins-x-chartmuseum:8080
Read credentials for http://jenkins-x-chartmuseum:8080 from vault helm/repos
Successfully added Helm repository jenkins-x-chartmuseum.
WARNING: No $CHART_REPOSITORY defined so using the default value of: http://jenkins-x-chartmuseum:8080
Adding missing Helm repo: chartmuseum.jenkins-x.io http://chartmuseum.jenkins-x.io
Read credentials for http://chartmuseum.jenkins-x.io from vault helm/repos
Successfully added Helm repository chartmuseum.jenkins-x.io.
